<?xml version="1.0" encoding="UTF-8"?>
<!-- Generated by org.testng.reporters.JUnitReportReporter -->
<testsuite skipped="0" hostname="BDC4-L-8Y4DZM2" name="seleniumplus.Test1" tests="1" failures="0" timestamp="2019-10-22T10:41:06 IST" time="16.264" errors="0">
  <testcase name="testCreditCards" time="16.264" classname="seleniumplus.Test1"/>
</testsuite> <!-- seleniumplus.Test1 -->
